<?xml version="1.0" encoding="UTF-8"?>
<robot generator="Robot 6.0.2 (Python 3.11.0 on win32)" generated="20230129 10:06:35.274" rpa="false" schemaversion="3">
<suite id="s1" name="Gotujmy" source="C:\Users\vdi-student\PycharmProjects\zajecia_niedziela\gotujmy.robot">
<test id="s1-t1" name="Registration of Multiple User" line="44">
<kw name="Open Browser" library="SeleniumLibrary" type="SETUP">
<doc>Opens a new browser instance to the optional ``url``.</doc>
<msg timestamp="20230129 10:06:35.717" level="INFO">Opening browser 'firefox' to base url 'None'.</msg>
<msg timestamp="20230129 10:06:35.717" level="INFO">Firefox driver log is always forced to to: C:\Users\vdi-student\PycharmProjects\zajecia_niedziela\geckodriver-5.log</msg>
<status status="PASS" starttime="20230129 10:06:35.717" endtime="20230129 10:06:40.072"/>
</kw>
<for flavor="IN RANGE">
<var>${i}</var>
<value>5</value>
<iter>
<var name="${i}">0</var>
<kw name="Registration in Forum">
<arg>${emails}[${i}]</arg>
<arg>${passwords}[${i}]</arg>
<kw name="Open Web_Browser">
<kw name="Open Browser" library="SeleniumLibrary">
<arg>https://gotujmy.pl/forum/</arg>
<arg>Chrome</arg>
<doc>Opens a new browser instance to the optional ``url``.</doc>
<msg timestamp="20230129 10:06:40.118" level="INFO">Opening browser 'Chrome' to base url 'https://gotujmy.pl/forum/'.</msg>
<status status="PASS" starttime="20230129 10:06:40.115" endtime="20230129 10:06:44.002"/>
</kw>
<kw name="Maximize Browser Window" library="SeleniumLibrary">
<doc>Maximizes current browser window.</doc>
<status status="PASS" starttime="20230129 10:06:44.003" endtime="20230129 10:06:44.182"/>
</kw>
<kw name="Execute Javascript" library="SeleniumLibrary">
<arg>document.body.style.zoom='70%'</arg>
<doc>Executes the given JavaScript code with possible arguments.</doc>
<msg timestamp="20230129 10:06:44.184" level="INFO">Executing JavaScript:
document.body.style.zoom='70%'
Without any arguments.</msg>
<status status="PASS" starttime="20230129 10:06:44.182" endtime="20230129 10:06:44.463"/>
</kw>
<status status="PASS" starttime="20230129 10:06:40.114" endtime="20230129 10:06:44.463"/>
</kw>
<kw name="Sleep" library="BuiltIn">
<arg>10</arg>
<doc>Pauses the test executed for the given time.</doc>
<msg timestamp="20230129 10:06:54.465" level="INFO">Slept 10 seconds</msg>
<status status="PASS" starttime="20230129 10:06:44.463" endtime="20230129 10:06:54.465"/>
</kw>
<kw name="Run Keyword And Ignore Error" library="BuiltIn">
<arg>Click Button</arg>
<arg>//*[@id="tcf277-permissions-modal"]/div[3]/div/button[2]</arg>
<doc>Runs the given keyword with the given arguments and ignores possible error.</doc>
<kw name="Click Button" library="SeleniumLibrary">
<arg>//*[@id="tcf277-permissions-modal"]/div[3]/div/button[2]</arg>
<doc>Clicks the button identified by ``locator``.</doc>
<msg timestamp="20230129 10:06:54.465" level="INFO">Clicking button '//*[@id="tcf277-permissions-modal"]/div[3]/div/button[2]'.</msg>
<msg timestamp="20230129 10:06:55.769" level="INFO" html="true">&lt;/td&gt;&lt;/tr&gt;&lt;tr&gt;&lt;td colspan="3"&gt;&lt;a href="selenium-screenshot-36.png"&gt;&lt;img src="selenium-screenshot-36.png" width="800px"&gt;&lt;/a&gt;</msg>
<msg timestamp="20230129 10:06:55.769" level="FAIL">ElementClickInterceptedException: Message: element click intercepted: Element &lt;button class="tcf277-button tcf277-button--slim accept-targeting-disclaimer-button" style=""&gt;...&lt;/button&gt; is not clickable at point (1048, 450). Other element would receive the click: &lt;div class="white-background"&gt;...&lt;/div&gt;
  (Session info: chrome=109.0.5414.120)
Stacktrace:
Backtrace:
	(No symbol) [0x00BC6643]
	(No symbol) [0x00B5BE21]
	(No symbol) [0x00A5DA9D]
	(No symbol) [0x00A992B2]
	(No symbol) [0x00A96970]
	(No symbol) [0x00A93E0B]
	(No symbol) [0x00A92548]
	(No symbol) [0x00A86B13]
	(No symbol) [0x00AAFD7C]
	(No symbol) [0x00A8641F]
	(No symbol) [0x00AB00D4]
	(No symbol) [0x00AC6B09]
	(No symbol) [0x00AAFB76]
	(No symbol) [0x00A849C1]
	(No symbol) [0x00A85E5D]
	GetHandleVerifier [0x00E3A142+2497106]
	GetHandleVerifier [0x00E685D3+2686691]
	GetHandleVerifier [0x00E6BB9C+2700460]
	GetHandleVerifier [0x00C73B10+635936]
	(No symbol) [0x00B64A1F]
	(No symbol) [0x00B6A418]
	(No symbol) [0x00B6A505]
	(No symbol) [0x00B7508B]
	BaseThreadInitThunk [0x76B7FEF9+25]
	RtlGetAppContainerNamedObjectPath [0x77E67BBE+286]
	RtlGetAppContainerNamedObjectPath [0x77E67B8E+238]
</msg>
<status status="FAIL" starttime="20230129 10:06:54.465" endtime="20230129 10:06:55.774"/>
</kw>
<status status="PASS" starttime="20230129 10:06:54.465" endtime="20230129 10:06:55.774"/>
</kw>
<kw name="Click Element" library="SeleniumLibrary">
<arg>//*[@id="navTop"]/nav/ul[1]/li[2]/a</arg>
<doc>Click the element identified by ``locator``.</doc>
<msg timestamp="20230129 10:06:55.774" level="INFO">Clicking element '//*[@id="navTop"]/nav/ul[1]/li[2]/a'.</msg>
<msg timestamp="20230129 10:06:55.979" level="INFO" html="true">&lt;/td&gt;&lt;/tr&gt;&lt;tr&gt;&lt;td colspan="3"&gt;&lt;a href="selenium-screenshot-37.png"&gt;&lt;img src="selenium-screenshot-37.png" width="800px"&gt;&lt;/a&gt;</msg>
<msg timestamp="20230129 10:06:55.979" level="FAIL">ElementNotInteractableException: Message: element not interactable
  (Session info: chrome=109.0.5414.120)
Stacktrace:
Backtrace:
	(No symbol) [0x00BC6643]
	(No symbol) [0x00B5BE21]
	(No symbol) [0x00A5D960]
	(No symbol) [0x00A923A7]
	(No symbol) [0x00A86B13]
	(No symbol) [0x00AAFD7C]
	(No symbol) [0x00A8641F]
	(No symbol) [0x00AB00D4]
	(No symbol) [0x00AC6B09]
	(No symbol) [0x00AAFB76]
	(No symbol) [0x00A849C1]
	(No symbol) [0x00A85E5D]
	GetHandleVerifier [0x00E3A142+2497106]
	GetHandleVerifier [0x00E685D3+2686691]
	GetHandleVerifier [0x00E6BB9C+2700460]
	GetHandleVerifier [0x00C73B10+635936]
	(No symbol) [0x00B64A1F]
	(No symbol) [0x00B6A418]
	(No symbol) [0x00B6A505]
	(No symbol) [0x00B7508B]
	BaseThreadInitThunk [0x76B7FEF9+25]
	RtlGetAppContainerNamedObjectPath [0x77E67BBE+286]
	RtlGetAppContainerNamedObjectPath [0x77E67B8E+238]
</msg>
<status status="FAIL" starttime="20230129 10:06:55.774" endtime="20230129 10:06:55.979"/>
</kw>
<kw name="Run Keyword And Ignore Error" library="BuiltIn">
<arg>Click Button</arg>
<arg>//*[@id="tcf277-permissions-modal"]/div[3]/div/button[2]</arg>
<doc>Runs the given keyword with the given arguments and ignores possible error.</doc>
<status status="NOT RUN" starttime="20230129 10:06:55.979" endtime="20230129 10:06:55.979"/>
</kw>
<kw name="Input Text" library="SeleniumLibrary">
<arg>//*[@id="f_cmu_email"]</arg>
<arg>${name}</arg>
<doc>Types the given ``text`` into the text field identified by ``locator``.</doc>
<status status="NOT RUN" starttime="20230129 10:06:55.979" endtime="20230129 10:06:55.979"/>
</kw>
<kw name="Input Text" library="SeleniumLibrary">
<arg>//*[@id="f_cmu_email2"]</arg>
<arg>${name}</arg>
<doc>Types the given ``text`` into the text field identified by ``locator``.</doc>
<status status="NOT RUN" starttime="20230129 10:06:55.979" endtime="20230129 10:06:55.979"/>
</kw>
<kw name="Input Text" library="SeleniumLibrary">
<arg>//*[@id="f_cmu_password"]</arg>
<arg>${password}</arg>
<doc>Types the given ``text`` into the text field identified by ``locator``.</doc>
<status status="NOT RUN" starttime="20230129 10:06:55.979" endtime="20230129 10:06:55.979"/>
</kw>
<kw name="Input Text" library="SeleniumLibrary">
<arg>//*[@id="f_cmu_password2"]</arg>
<arg>${password}</arg>
<doc>Types the given ``text`` into the text field identified by ``locator``.</doc>
<status status="NOT RUN" starttime="20230129 10:06:55.979" endtime="20230129 10:06:55.979"/>
</kw>
<kw name="Checkbox Should Not Be Selected" library="SeleniumLibrary">
<arg>//*[@id="newsletter_agree"]</arg>
<doc>Verifies checkbox ``locator`` is not selected/checked.</doc>
<status status="NOT RUN" starttime="20230129 10:06:55.979" endtime="20230129 10:06:55.979"/>
</kw>
<kw name="Select Checkbox" library="SeleniumLibrary">
<arg>//*[@id="newsletter_agree"]</arg>
<doc>Selects the checkbox identified by ``locator``.</doc>
<status status="NOT RUN" starttime="20230129 10:06:55.979" endtime="20230129 10:06:55.979"/>
</kw>
<kw name="Checkbox Should Not Be Selected" library="SeleniumLibrary">
<arg>//*[@id="user_register_form"]/fieldset/label[2]/input</arg>
<doc>Verifies checkbox ``locator`` is not selected/checked.</doc>
<status status="NOT RUN" starttime="20230129 10:06:55.984" endtime="20230129 10:06:55.984"/>
</kw>
<kw name="Select Checkbox" library="SeleniumLibrary">
<arg>//*[@id="user_register_form"]/fieldset/label[2]/input</arg>
<doc>Selects the checkbox identified by ``locator``.</doc>
<status status="NOT RUN" starttime="20230129 10:06:55.984" endtime="20230129 10:06:55.984"/>
</kw>
<kw name="Checkbox Should Not Be Selected" library="SeleniumLibrary">
<arg>//*[@id="user_register_form"]/fieldset/label[3]/input</arg>
<doc>Verifies checkbox ``locator`` is not selected/checked.</doc>
<status status="NOT RUN" starttime="20230129 10:06:55.984" endtime="20230129 10:06:55.984"/>
</kw>
<kw name="Select Checkbox" library="SeleniumLibrary">
<arg>//*[@id="user_register_form"]/fieldset/label[3]/input</arg>
<doc>Selects the checkbox identified by ``locator``.</doc>
<status status="NOT RUN" starttime="20230129 10:06:55.984" endtime="20230129 10:06:55.984"/>
</kw>
<kw name="Click Button" library="SeleniumLibrary">
<arg>//*[@id="user_register_form"]/fieldset/footer/button</arg>
<doc>Clicks the button identified by ``locator``.</doc>
<status status="NOT RUN" starttime="20230129 10:06:55.984" endtime="20230129 10:06:55.984"/>
</kw>
<kw name="Wait Until Element Is Visible" library="SeleniumLibrary">
<arg>//*[@id="main_content"]/div/div/h1</arg>
<arg>timeout=7</arg>
<doc>Waits until the element ``locator`` is visible.</doc>
<status status="NOT RUN" starttime="20230129 10:06:55.984" endtime="20230129 10:06:55.984"/>
</kw>
<kw name="Get Text" library="SeleniumLibrary">
<var>${my_message}</var>
<arg>//*[@id="main_content"]/div/div/h1</arg>
<doc>Returns the text value of the element identified by ``locator``.</doc>
<status status="NOT RUN" starttime="20230129 10:06:55.984" endtime="20230129 10:06:55.984"/>
</kw>
<kw name="Log To Console" library="BuiltIn">
<arg>${my_message}</arg>
<doc>Logs the given message to the console.</doc>
<status status="NOT RUN" starttime="20230129 10:06:55.984" endtime="20230129 10:06:55.984"/>
</kw>
<kw name="Should Be Equal As Strings" library="BuiltIn">
<arg>${my_message}</arg>
<arg>${message}</arg>
<doc>Fails if objects are unequal after converting them to strings.</doc>
<status status="NOT RUN" starttime="20230129 10:06:55.984" endtime="20230129 10:06:55.984"/>
</kw>
<kw name="Capture Page Screenshot" library="SeleniumLibrary">
<doc>Takes a screenshot of the current page and embeds it into a log file.</doc>
<status status="NOT RUN" starttime="20230129 10:06:55.984" endtime="20230129 10:06:55.984"/>
</kw>
<status status="FAIL" starttime="20230129 10:06:40.113" endtime="20230129 10:06:55.984"/>
</kw>
<kw name="Log" library="BuiltIn">
<arg>User ${emails}[${i}]</arg>
<doc>Logs the given message with the given level.</doc>
<status status="NOT RUN" starttime="20230129 10:06:55.984" endtime="20230129 10:06:55.984"/>
</kw>
<status status="FAIL" starttime="20230129 10:06:40.112" endtime="20230129 10:06:55.984"/>
</iter>
<status status="FAIL" starttime="20230129 10:06:40.112" endtime="20230129 10:06:55.984"/>
</for>
<status status="FAIL" starttime="20230129 10:06:35.717" endtime="20230129 10:06:55.984">ElementNotInteractableException: Message: element not interactable
  (Session info: chrome=109.0.5414.120)
Stacktrace:
Backtrace:
	(No symbol) [0x00BC6643]
	(No symbol) [0x00B5BE21]
	(No symbol) [0x00A5D960]
	(No symbol) [0x00A923A7]
	(No symbol) [0x00A86B13]
	(No symbol) [0x00AAFD7C]
	(No symbol) [0x00A8641F]
	(No symbol) [0x00AB00D4]
	(No symbol) [0x00AC6B09]
	(No symbol) [0x00AAFB76]
	(No symbol) [0x00A849C1]
	(No symbol) [0x00A85E5D]
	GetHandleVerifier [0x00E3A142+2497106]
	GetHandleVerifier [0x00E685D3+2686691]
	GetHandleVerifier [0x00E6BB9C+2700460]
	GetHandleVerifier [0x00C73B10+635936]
	(No symbol) [0x00B64A1F]
	(No symbol) [0x00B6A418]
	(No symbol) [0x00B6A505]
	(No symbol) [0x00B7508B]
	BaseThreadInitThunk [0x76B7FEF9+25]
	RtlGetAppContainerNamedObjectPath [0x77E67BBE+286]
	RtlGetAppContainerNamedObjectPath [0x77E67B8E+238]
</status>
</test>
<status status="FAIL" starttime="20230129 10:06:35.274" endtime="20230129 10:06:55.989"/>
</suite>
<statistics>
<total>
<stat pass="0" fail="1" skip="0">All Tests</stat>
</total>
<tag>
</tag>
<suite>
<stat pass="0" fail="1" skip="0" id="s1" name="Gotujmy">Gotujmy</stat>
</suite>
</statistics>
<errors>
</errors>
</robot>
